<?xml version="1.0" encoding="UTF-8"?>
<!-- Generated by org.testng.reporters.JUnitXMLReporter -->
<testsuite ignored="0" hostname="LAPTOP-RL7JVSAU" failures="0" tests="3" name="Test" time="34.288" errors="0" timestamp="2025-04-17T15:31:26 IST">
  <testcase classname="com.easytrack.testScript.UserModule" name="name" time="34.193"/>
  <testcase classname="com.easytrack.testScript.TaskModule" name="demo" time="0.004"/>
  <testcase classname="com.easytrack.testScript.TaskModule" name="user" time="0.004"/>
</testsuite> <!-- Test -->
