<?xml version="1.0" encoding="UTF-8"?>
<testng-results ignored="0" total="1" passed="1" failed="0" skipped="0">
  <reporter-output>
    <line>
      <![CDATA[User module created successfully]]>
    </line>
  </reporter-output>
  <suite started-at="2025-03-10T10:47:26 IST" name="Default suite" finished-at="2025-03-10T10:47:26 IST" duration-ms="68">
    <groups>
    </groups>
    <test started-at="2025-03-10T10:47:26 IST" name="Default test" finished-at="2025-03-10T10:47:26 IST" duration-ms="68">
      <class name="com.easytrack.testScript.UserModule">
        <test-method signature="name()[pri:0, instance:com.easytrack.testScript.UserModule@6aba2b86]" started-at="2025-03-10T10:47:26 IST" name="name" finished-at="2025-03-10T10:47:26 IST" duration-ms="15" status="PASS">
          <reporter-output>
            <line>
              <![CDATA[User module created successfully]]>
            </line>
          </reporter-output>
        </test-method> <!-- name -->
      </class> <!-- com.easytrack.testScript.UserModule -->
    </test> <!-- Default test -->
  </suite> <!-- Default suite -->
</testng-results>
