<?xml version="1.0" encoding="UTF-8"?>
<testng-results ignored="0" total="3" passed="3" failed="0" skipped="0">
  <reporter-output>
    <line>
      <![CDATA[This is demo project-01]]>
    </line>
    <line>
      <![CDATA[This is user project-02]]>
    </line>
  </reporter-output>
  <suite started-at="2025-04-17T15:30:52 IST" name="Suite" finished-at="2025-04-17T15:31:26 IST" duration-ms="34288">
    <groups>
    </groups>
    <test started-at="2025-04-17T15:30:52 IST" name="Test" finished-at="2025-04-17T15:31:26 IST" duration-ms="34288">
      <class name="com.easytrack.testScript.TaskModule">
        <test-method signature="demo()[pri:0, instance:com.easytrack.testScript.TaskModule@71809907]" started-at="2025-04-17T15:31:26 IST" name="demo" finished-at="2025-04-17T15:31:26 IST" duration-ms="4" status="PASS">
          <reporter-output>
            <line>
              <![CDATA[This is demo project-01]]>
            </line>
          </reporter-output>
        </test-method> <!-- demo -->
        <test-method signature="user()[pri:0, instance:com.easytrack.testScript.TaskModule@71809907]" started-at="2025-04-17T15:31:26 IST" name="user" finished-at="2025-04-17T15:31:26 IST" duration-ms="4" status="PASS">
          <reporter-output>
            <line>
              <![CDATA[This is user project-02]]>
            </line>
          </reporter-output>
        </test-method> <!-- user -->
      </class> <!-- com.easytrack.testScript.TaskModule -->
      <class name="com.easytrack.testScript.UserModule">
        <test-method signature="name()[pri:0, instance:com.easytrack.testScript.UserModule@52e6fdee]" started-at="2025-04-17T15:30:52 IST" name="name" finished-at="2025-04-17T15:31:26 IST" duration-ms="34193" status="PASS">
          <reporter-output>
          </reporter-output>
        </test-method> <!-- name -->
      </class> <!-- com.easytrack.testScript.UserModule -->
    </test> <!-- Test -->
  </suite> <!-- Suite -->
</testng-results>
