<?xml version="1.0" encoding="UTF-8"?>
<testsuite xmlns:xsi="http://www.w3.org/2001/XMLSchema-instance" xsi:noNamespaceSchemaLocation="https://maven.apache.org/surefire/maven-surefire-plugin/xsd/surefire-test-report.xsd" version="3.0.2" name="TestSuite" time="7.486" tests="3" errors="0" skipped="0" failures="0">
  <properties>
[...]
</properties>
  <testcase name="name" classname="com.easytrack.testScript.UserModule" time="6.577">
    <system-out><![CDATA[Google
]]></system-out>
    <system-err><![CDATA[SLF4J(W): No SLF4J providers were found.
SLF4J(W): Defaulting to no-operation (NOP) logger implementation
SLF4J(W): See https://www.slf4j.org/codes.html#noProviders for further details.
Apr 17, 2025 3:37:29 PM org.openqa.selenium.devtools.CdpVersionFinder findNearestMatch
WARNING: Unable to find an exact match for CDP version 135, returning the closest version; found: 133; Please update to a Selenium version that supports CDP version 135
]]></system-err>
  </testcase>
  <testcase name="demo" classname="com.easytrack.testScript.TaskModule" time="0.007">
    <system-out><![CDATA[This is demo project-01
]]></system-out>
  </testcase>
  <testcase name="user" classname="com.easytrack.testScript.TaskModule" time="0.003">
    <system-out><![CDATA[This is user project-02
]]></system-out>
  </testcase>
</testsuite>