<?xml version="1.0" encoding="UTF-8"?>
<testsuite xmlns:xsi="http://www.w3.org/2001/XMLSchema-instance" xsi:noNamespaceSchemaLocation="https://maven.apache.org/surefire/maven-surefire-plugin/xsd/surefire-test-report.xsd" version="3.0.2" name="TestSuite" time="0.759" tests="3" errors="0" skipped="0" failures="0">
  <properties>
[...]
</properties>
  <testcase name="name" classname="com.easytrack.testScript.UserModule" time="0.016">
    <system-out><![CDATA[User module created successfully
]]></system-out>
    <system-err><![CDATA[SLF4J(W): No SLF4J providers were found.
SLF4J(W): Defaulting to no-operation (NOP) logger implementation
SLF4J(W): See https://www.slf4j.org/codes.html#noProviders for further details.
]]></system-err>
  </testcase>
  <testcase name="demo" classname="com.easytrack.testScript.TaskModule" time="0.002">
    <system-out><![CDATA[This is demo project-01
]]></system-out>
  </testcase>
  <testcase name="user" classname="com.easytrack.testScript.TaskModule" time="0.0">
    <system-out><![CDATA[This is user project-02
]]></system-out>
  </testcase>
</testsuite>