<?xml version="1.0" encoding="UTF-8"?>
<testng-results ignored="0" total="3" passed="3" failed="0" skipped="0">
  <reporter-output>
    <line>
      <![CDATA[User module created successfully]]>
    </line>
    <line>
      <![CDATA[This is demo project-01]]>
    </line>
    <line>
      <![CDATA[This is user project-02]]>
    </line>
  </reporter-output>
  <suite started-at="2025-03-10T10:48:52 IST" name="Suite" finished-at="2025-03-10T10:48:52 IST" duration-ms="77">
    <groups>
    </groups>
    <test started-at="2025-03-10T10:48:52 IST" name="Test" finished-at="2025-03-10T10:48:52 IST" duration-ms="77">
      <class name="com.easytrack.testScript.TaskModule">
        <test-method signature="demo()[pri:0, instance:com.easytrack.testScript.TaskModule@5f058f00]" started-at="2025-03-10T10:48:52 IST" name="demo" finished-at="2025-03-10T10:48:52 IST" duration-ms="1" status="PASS">
          <reporter-output>
            <line>
              <![CDATA[This is demo project-01]]>
            </line>
          </reporter-output>
        </test-method> <!-- demo -->
        <test-method signature="user()[pri:0, instance:com.easytrack.testScript.TaskModule@5f058f00]" started-at="2025-03-10T10:48:52 IST" name="user" finished-at="2025-03-10T10:48:52 IST" duration-ms="0" status="PASS">
          <reporter-output>
            <line>
              <![CDATA[This is user project-02]]>
            </line>
          </reporter-output>
        </test-method> <!-- user -->
      </class> <!-- com.easytrack.testScript.TaskModule -->
      <class name="com.easytrack.testScript.UserModule">
        <test-method signature="name()[pri:0, instance:com.easytrack.testScript.UserModule@3835c46]" started-at="2025-03-10T10:48:52 IST" name="name" finished-at="2025-03-10T10:48:52 IST" duration-ms="7" status="PASS">
          <reporter-output>
            <line>
              <![CDATA[User module created successfully]]>
            </line>
          </reporter-output>
        </test-method> <!-- name -->
      </class> <!-- com.easytrack.testScript.UserModule -->
    </test> <!-- Test -->
  </suite> <!-- Suite -->
</testng-results>
