<?xml version="1.0" encoding="UTF-8"?>
<!-- Generated by org.testng.reporters.JUnitXMLReporter -->
<testsuite ignored="0" hostname="LAPTOP-RL7JVSAU" failures="0" tests="3" name="Test" time="0.077" errors="0" timestamp="2025-03-10T10:48:52 IST">
  <testcase classname="com.easytrack.testScript.UserModule" name="name" time="0.007"/>
  <testcase classname="com.easytrack.testScript.TaskModule" name="demo" time="0.001"/>
  <testcase classname="com.easytrack.testScript.TaskModule" name="user" time="0.0"/>
</testsuite> <!-- Test -->
